[ 2019-04-02T09:32:30+08:00 ] ::1 /recruit/index.php?m=admin&c=index&a=index
INFO: Cron:ClearPromotion Runat 2019-04-02 09:32:30 Use 0.040367 s 
Cron:AutoRefreshResume Runat 2019-04-02 09:32:30 Use -0.000779 s 
Cron:AutoRefreshJobs Runat 2019-04-02 09:32:30 Use -0.004423 s 
Cron:ClearExpiredSetmeal Runat 2019-04-02 09:32:30 Use -0.005880 s 
Cron:ClearOrder Runat 2019-04-02 09:32:30 Use -0.010208 s 

[ 2019-04-02T11:29:56+08:00 ] ::1 /recruit/index.php?m=admin&c=index&a=index
INFO: Cron:ClearPromotion Runat 2019-04-02 11:29:56 Use 0.079435 s 
Cron:AutoRefreshResume Runat 2019-04-02 11:29:56 Use -0.000342 s 
Cron:AutoRefreshJobs Runat 2019-04-02 11:29:56 Use -0.005658 s 
Cron:ClearExpiredSetmeal Runat 2019-04-02 11:29:56 Use -0.006996 s 

[ 2019-04-02T12:01:15+08:00 ] ::1 /recruit/index.php?m=&c=jobs&a=jobs_list
INFO: Cron:ClearPromotion Runat 2019-04-02 12:01:15 Use 0.069499 s 
Cron:ClearExpiredSetmeal Runat 2019-04-02 12:01:15 Use -0.000620 s 

[ 2019-04-02T12:56:16+08:00 ] ::1 /recruit/index.php?m=&c=index&a=index
INFO: Cron:AutoRefreshResume Runat 2019-04-02 12:56:16 Use 0.023326 s 
Cron:AutoRefreshJobs Runat 2019-04-02 12:56:16 Use -0.000063 s 

[ 2019-04-02T14:31:40+08:00 ] ::1 /recruit/index.php?m=&c=resume&a=resume_list
INFO: Cron:ClearPromotion Runat 2019-04-02 14:31:40 Use 0.030109 s 
Cron:AutoRefreshResume Runat 2019-04-02 14:31:40 Use -0.000064 s 
Cron:AutoRefreshJobs Runat 2019-04-02 14:31:40 Use -0.003302 s 
Cron:ClearExpiredSetmeal Runat 2019-04-02 14:31:40 Use -0.004610 s 

